<?xml version="1.0" encoding="UTF-8"?>
<!-- Generated by org.testng.reporters.JUnitReportReporter -->
<testsuite hostname="DESKTOP-33C2FHH" failures="0" tests="1" name="tests.PlaceOrderTest" time="11.264" errors="0" timestamp="2025-06-05T19:02:47 IST" skipped="0">
  <testcase classname="tests.PlaceOrderTest" name="testPlaceOrder" time="11.264"/>
</testsuite> <!-- tests.PlaceOrderTest -->
