<?xml version="1.0" encoding="UTF-8"?>
<!-- Generated by org.testng.reporters.JUnitReportReporter -->
<testsuite hostname="DESKTOP-33C2FHH" failures="0" tests="1" name="MouseAction.DragAndDropTest" time="4.482" errors="0" timestamp="2025-06-01T21:47:50 IST" skipped="0">
  <testcase classname="MouseAction.DragAndDropTest" name="dragSlider" time="4.482"/>
</testsuite> <!-- MouseAction.DragAndDropTest -->
