<?xml version="1.0" encoding="UTF-8"?>
<!-- Generated by org.testng.reporters.JUnitReportReporter -->
<testsuite hostname="DESKTOP-33C2FHH" failures="0" tests="1" name="MouseAction.MouseClickDemoQA" time="19.517" errors="0" timestamp="2025-06-01T21:49:21 IST" skipped="0">
  <testcase classname="MouseAction.MouseClickDemoQA" name="testGetRating" time="19.517"/>
</testsuite> <!-- MouseAction.MouseClickDemoQA -->
