<?xml version="1.0" encoding="UTF-8"?>
<!-- Generated by org.testng.reporters.JUnitReportReporter -->
<testsuite hostname="DESKTOP-33C2FHH" failures="0" tests="2" name="Addtocart.AddToCartTest" time="0.809" errors="0" timestamp="2025-06-02T09:07:39 IST" skipped="0">
  <testcase classname="Addtocart.AddToCartTest" name="login" time="0.549"/>
  <testcase classname="Addtocart.AddToCartTest" name="addToCart" time="0.260"/>
</testsuite> <!-- Addtocart.AddToCartTest -->
